<?xml version="1.0" encoding="UTF-8"?>
<!-- Generated by org.testng.reporters.JUnitXMLReporter -->
<testsuite ignored="0" hostname="Jhansis-MacBook-Pro.local" failures="0" tests="5" name="Test" time="93.33" errors="0" timestamp="2025-04-24T20:38:25 CDT">
  <testcase classname="TestLogin.ThreeTest" name="testthree" time="0.022"/>
  <testcase classname="TestLogin.FourTest" name="testfour" time="0.004"/>
  <testcase classname="TestLogin.Login" name="login" time="7.434"/>
  <testcase classname="TestLogin.Login" name="login" time="16.747"/>
  <testcase classname="TestLogin.TwoTest" name="testtwo" time="0.002"/>
</testsuite> <!-- Test -->
